[  215758ms] [ERROR] Failed to load resource: the server responded with a status of 500 (Internal Server Error) @ http://localhost:3000/:0
[  215913ms] ReferenceError: Cannot access 'dayEvents' before initialization
    at getTodayEvent (about://React/Server/file:///Users/Gaurav.Sharma4/Desktop/TDTY/.next/dev/server/chunks/ssr/%5Broot-of-the-server%5D__d7d3a4f6._.js?5:102:44)
    at Home (about://React/Server/file:///Users/Gaurav.Sharma4/Desktop/TDTY/.next/dev/server/chunks/ssr/%5Broot-of-the-server%5D__d7d3a4f6._.js?6:241:52)
    at resolveErrorDev (http://localhost:3000/_next/static/chunks/node_modules_next_dist_compiled_react-server-dom-turbopack_9212ccad._.js:1894:106)
    at processFullStringRow (http://localhost:3000/_next/static/chunks/node_modules_next_dist_compiled_react-server-dom-turbopack_9212ccad._.js:2402:29)
    at processFullBinaryRow (http://localhost:3000/_next/static/chunks/node_modules_next_dist_compiled_react-server-dom-turbopack_9212ccad._.js:2361:9)
    at processBinaryChunk (http://localhost:3000/_next/static/chunks/node_modules_next_dist_compiled_react-server-dom-turbopack_9212ccad._.js:2470:221)
    at progress (http://localhost:3000/_next/static/chunks/node_modules_next_dist_compiled_react-server-dom-turbopack_9212ccad._.js:2640:13)
[  218943ms] [WARNING] The resource http://localhost:3000/_next/static/media/20a72cd0c9704d06-s.p.51182207.woff2 was preloaded using link preload but not used within a few seconds from the window's load event. Please make sure it has an appropriate `as` value and it is preloaded intentionally. @ http://localhost:3000/:0
[  218943ms] [WARNING] The resource http://localhost:3000/_next/static/chunks/%5Broot-of-the-server%5D__936d48f2._.css was preloaded using link preload but not used within a few seconds from the window's load event. Please make sure it has an appropriate `as` value and it is preloaded intentionally. @ http://localhost:3000/:0
[  218943ms] [WARNING] The resource http://localhost:3000/_next/static/chunks/src_components_9475e1c1._.css was preloaded using link preload but not used within a few seconds from the window's load event. Please make sure it has an appropriate `as` value and it is preloaded intentionally. @ http://localhost:3000/:0
[ 1431462ms] [ERROR] WebSocket connection to 'ws://localhost:3000/_next/webpack-hmr?id=Y__4g_1zDwWjp4VWtjRUs' failed:  @ http://localhost:3000/_next/static/chunks/node_modules_next_dist_client_17643121._.js:10878
[ 1432467ms] [ERROR] WebSocket connection to 'ws://localhost:3000/_next/webpack-hmr?id=Y__4g_1zDwWjp4VWtjRUs' failed: Error in connection establishment: net::ERR_CONNECTION_REFUSED @ http://localhost:3000/_next/static/chunks/node_modules_next_dist_client_17643121._.js:10878
[ 1433471ms] [ERROR] WebSocket connection to 'ws://localhost:3000/_next/webpack-hmr?id=Y__4g_1zDwWjp4VWtjRUs' failed: Error in connection establishment: net::ERR_CONNECTION_REFUSED @ http://localhost:3000/_next/static/chunks/node_modules_next_dist_client_17643121._.js:10878
[ 1434474ms] [ERROR] WebSocket connection to 'ws://localhost:3000/_next/webpack-hmr?id=Y__4g_1zDwWjp4VWtjRUs' failed: Error in connection establishment: net::ERR_CONNECTION_REFUSED @ http://localhost:3000/_next/static/chunks/node_modules_next_dist_client_17643121._.js:10878
[ 1435478ms] [ERROR] WebSocket connection to 'ws://localhost:3000/_next/webpack-hmr?id=Y__4g_1zDwWjp4VWtjRUs' failed: Error in connection establishment: net::ERR_CONNECTION_REFUSED @ http://localhost:3000/_next/static/chunks/node_modules_next_dist_client_17643121._.js:10878
[ 1436481ms] [ERROR] WebSocket connection to 'ws://localhost:3000/_next/webpack-hmr?id=Y__4g_1zDwWjp4VWtjRUs' failed: Error in connection establishment: net::ERR_CONNECTION_REFUSED @ http://localhost:3000/_next/static/chunks/node_modules_next_dist_client_17643121._.js:10878
[ 1441486ms] [ERROR] WebSocket connection to 'ws://localhost:3000/_next/webpack-hmr?id=Y__4g_1zDwWjp4VWtjRUs' failed: Error in connection establishment: net::ERR_CONNECTION_REFUSED @ http://localhost:3000/_next/static/chunks/node_modules_next_dist_client_17643121._.js:10878
[ 1446494ms] [ERROR] WebSocket connection to 'ws://localhost:3000/_next/webpack-hmr?id=Y__4g_1zDwWjp4VWtjRUs' failed: Error in connection establishment: net::ERR_CONNECTION_REFUSED @ http://localhost:3000/_next/static/chunks/node_modules_next_dist_client_17643121._.js:10878
[ 1451511ms] [ERROR] WebSocket connection to 'ws://localhost:3000/_next/webpack-hmr?id=Y__4g_1zDwWjp4VWtjRUs' failed: Error in connection establishment: net::ERR_CONNECTION_REFUSED @ http://localhost:3000/_next/static/chunks/node_modules_next_dist_client_17643121._.js:10878
[ 1456556ms] [ERROR] WebSocket connection to 'ws://localhost:3000/_next/webpack-hmr?id=Y__4g_1zDwWjp4VWtjRUs' failed: Error in connection establishment: net::ERR_CONNECTION_REFUSED @ http://localhost:3000/_next/static/chunks/node_modules_next_dist_client_17643121._.js:10878
